<?xml version="1.0" encoding="UTF-8"?>
<!-- Generated by org.testng.reporters.JUnitXMLReporter -->
<testsuite ignored="0" hostname="DESKTOP-NRUEP7D" failures="0" tests="3" name="OpencartTest" time="20.812" errors="0" timestamp="2023-08-19T15:40:39 IST">
  <testcase classname="testCases.TC_001_AccountRegistrationTest" name="test_account_Registration" time="2.295"/>
  <testcase classname="testCases.TC_002_LoginTest" name="test_login" time="2.224"/>
  <testcase classname="testCases.TC_004_LoginTest_RobotClass" name="test_loginRobotClass" time="2.751"/>
</testsuite> <!-- OpencartTest -->
