<?xml version="1.0" encoding="UTF-8"?>
<testng-results ignored="0" total="3" passed="3" failed="0" skipped="0">
  <reporter-output>
  </reporter-output>
  <suite started-at="2023-08-23T11:18:23 IST" name="OpencartSuite" finished-at="2023-08-23T11:18:50 IST" duration-ms="26912">
    <groups>
      <group name="Master">
        <method signature="TC_001_AccountRegistrationTest.test_account_Registration()[pri:0, instance:testCases.TC_001_AccountRegistrationTest@6d763516]" name="test_account_Registration" class="testCases.TC_001_AccountRegistrationTest"/>
        <method signature="TC_002_LoginTest.test_login()[pri:0, instance:testCases.TC_002_LoginTest@5c5eefef]" name="test_login" class="testCases.TC_002_LoginTest"/>
        <method signature="TC_004_LoginTest_RobotClass.test_loginRobotClass()[pri:0, instance:testCases.TC_004_LoginTest_RobotClass@16293aa2]" name="test_loginRobotClass" class="testCases.TC_004_LoginTest_RobotClass"/>
      </group> <!-- Master -->
      <group name="Sanity">
        <method signature="TC_002_LoginTest.test_login()[pri:0, instance:testCases.TC_002_LoginTest@5c5eefef]" name="test_login" class="testCases.TC_002_LoginTest"/>
        <method signature="TC_004_LoginTest_RobotClass.test_loginRobotClass()[pri:0, instance:testCases.TC_004_LoginTest_RobotClass@16293aa2]" name="test_loginRobotClass" class="testCases.TC_004_LoginTest_RobotClass"/>
      </group> <!-- Sanity -->
      <group name="Regression">
        <method signature="TC_001_AccountRegistrationTest.test_account_Registration()[pri:0, instance:testCases.TC_001_AccountRegistrationTest@6d763516]" name="test_account_Registration" class="testCases.TC_001_AccountRegistrationTest"/>
      </group> <!-- Regression -->
    </groups>
    <test started-at="2023-08-23T11:18:23 IST" name="OpencartTest" finished-at="2023-08-23T11:18:50 IST" duration-ms="26912">
      <class name="testCases.TC_001_AccountRegistrationTest">
        <test-method is-config="true" signature="set(java.lang.String)[pri:0, instance:testCases.TC_001_AccountRegistrationTest@6d763516]" started-at="2023-08-23T11:18:23 IST" name="set" finished-at="2023-08-23T11:18:31 IST" duration-ms="7616" status="PASS">
          <params>
            <param index="0">
              <value>
                <![CDATA[chrome]]>
              </value>
            </param>
          </params>
          <reporter-output>
          </reporter-output>
        </test-method> <!-- set -->
        <test-method signature="test_account_Registration()[pri:0, instance:testCases.TC_001_AccountRegistrationTest@6d763516]" started-at="2023-08-23T11:18:31 IST" name="test_account_Registration" finished-at="2023-08-23T11:18:34 IST" duration-ms="2565" status="PASS">
          <reporter-output>
          </reporter-output>
        </test-method> <!-- test_account_Registration -->
        <test-method is-config="true" signature="teardown()[pri:0, instance:testCases.TC_001_AccountRegistrationTest@6d763516]" started-at="2023-08-23T11:18:34 IST" name="teardown" finished-at="2023-08-23T11:18:34 IST" duration-ms="395" status="PASS">
          <reporter-output>
          </reporter-output>
        </test-method> <!-- teardown -->
      </class> <!-- testCases.TC_001_AccountRegistrationTest -->
      <class name="testCases.TC_002_LoginTest">
        <test-method is-config="true" signature="set(java.lang.String)[pri:0, instance:testCases.TC_002_LoginTest@5c5eefef]" started-at="2023-08-23T11:18:34 IST" name="set" finished-at="2023-08-23T11:18:38 IST" duration-ms="4140" status="PASS">
          <params>
            <param index="0">
              <value>
                <![CDATA[chrome]]>
              </value>
            </param>
          </params>
          <reporter-output>
          </reporter-output>
        </test-method> <!-- set -->
        <test-method signature="test_login()[pri:0, instance:testCases.TC_002_LoginTest@5c5eefef]" started-at="2023-08-23T11:18:38 IST" name="test_login" finished-at="2023-08-23T11:18:42 IST" duration-ms="3853" status="PASS">
          <reporter-output>
          </reporter-output>
        </test-method> <!-- test_login -->
        <test-method is-config="true" signature="teardown()[pri:0, instance:testCases.TC_002_LoginTest@5c5eefef]" started-at="2023-08-23T11:18:42 IST" name="teardown" finished-at="2023-08-23T11:18:42 IST" duration-ms="328" status="PASS">
          <reporter-output>
          </reporter-output>
        </test-method> <!-- teardown -->
      </class> <!-- testCases.TC_002_LoginTest -->
      <class name="testCases.TC_004_LoginTest_RobotClass">
        <test-method is-config="true" signature="set(java.lang.String)[pri:0, instance:testCases.TC_004_LoginTest_RobotClass@16293aa2]" started-at="2023-08-23T11:18:42 IST" name="set" finished-at="2023-08-23T11:18:46 IST" duration-ms="3854" status="PASS">
          <params>
            <param index="0">
              <value>
                <![CDATA[chrome]]>
              </value>
            </param>
          </params>
          <reporter-output>
          </reporter-output>
        </test-method> <!-- set -->
        <test-method signature="test_loginRobotClass()[pri:0, instance:testCases.TC_004_LoginTest_RobotClass@16293aa2]" started-at="2023-08-23T11:18:46 IST" name="test_loginRobotClass" finished-at="2023-08-23T11:18:49 IST" duration-ms="2951" status="PASS">
          <reporter-output>
          </reporter-output>
        </test-method> <!-- test_loginRobotClass -->
        <test-method is-config="true" signature="teardown()[pri:0, instance:testCases.TC_004_LoginTest_RobotClass@16293aa2]" started-at="2023-08-23T11:18:49 IST" name="teardown" finished-at="2023-08-23T11:18:50 IST" duration-ms="361" status="PASS">
          <reporter-output>
          </reporter-output>
        </test-method> <!-- teardown -->
      </class> <!-- testCases.TC_004_LoginTest_RobotClass -->
    </test> <!-- OpencartTest -->
  </suite> <!-- OpencartSuite -->
</testng-results>
