<?xml version="1.0" encoding="UTF-8"?>
<testsuite xmlns:xsi="http://www.w3.org/2001/XMLSchema-instance" xsi:noNamespaceSchemaLocation="https://maven.apache.org/surefire/maven-surefire-plugin/xsd/surefire-test-report-3.0.xsd" version="3.0" name="TestSuite" time="24.774" tests="3" errors="0" skipped="0" failures="0">
  <properties>
[...]
</properties>
  <testcase name="test_account_Registration" classname="testCases.TC_001_AccountRegistrationTest" time="2.279">
    <system-out><![CDATA[14:39:05.456 [main] INFO  testCases.TC_001_AccountRegistrationTest - *** Starting TC_001_AccountRegistrationTest ***
14:39:05.704 [main] INFO  testCases.TC_001_AccountRegistrationTest - Clicked on My Account
14:39:06.255 [main] INFO  testCases.TC_001_AccountRegistrationTest - Clicked on Register Link
14:39:06.258 [main] INFO  testCases.TC_001_AccountRegistrationTest - Providing Customer Data
14:39:06.997 [main] INFO  testCases.TC_001_AccountRegistrationTest - Clicked on Continue Button
14:39:07.703 [main] INFO  testCases.TC_001_AccountRegistrationTest - Validating on Excepted Message
14:39:07.703 [main] INFO  testCases.TC_001_AccountRegistrationTest - *** Ending TC_001_AccountRegistrationTest ***
]]></system-out>
    <system-err><![CDATA[SLF4J: Failed to load class "org.slf4j.impl.StaticLoggerBinder".
SLF4J: Defaulting to no-operation (NOP) logger implementation
SLF4J: See http://www.slf4j.org/codes.html#StaticLoggerBinder for further details.
]]></system-err>
  </testcase>
  <testcase name="test_login" classname="testCases.TC_002_LoginTest" time="2.205">
    <system-out><![CDATA[14:39:11.439 [main] INFO  testCases.TC_002_LoginTest - *** Starting TC_002_LoginTest ***
14:39:11.600 [main] INFO  testCases.TC_002_LoginTest - *** Clicked on My Account ***
14:39:12.125 [main] INFO  testCases.TC_002_LoginTest - *** Clicked on Login Link ***
14:39:12.133 [main] INFO  testCases.TC_002_LoginTest - *** Providing Login Details ***
14:39:12.602 [main] INFO  testCases.TC_002_LoginTest - *** Clicked on Login Button ***
14:39:13.212 [main] INFO  testCases.TC_002_LoginTest - *** Confirmation on Target Page ***
14:39:13.643 [main] INFO  testCases.TC_002_LoginTest - *** Clicked on Logout Button ***
14:39:13.643 [main] INFO  testCases.TC_002_LoginTest - *** Ending TC_002_LoginTest ***
]]></system-out>
    <system-err><![CDATA[Aug 19, 2023 2:39:07 PM org.openqa.selenium.remote.http.WebSocket$Listener onError
WARNING: Connection reset
java.net.SocketException: Connection reset
	at java.base/sun.nio.ch.SocketChannelImpl.throwConnectionReset(SocketChannelImpl.java:394)
	at java.base/sun.nio.ch.SocketChannelImpl.read(SocketChannelImpl.java:426)
	at io.netty.buffer.PooledByteBuf.setBytes(PooledByteBuf.java:256)
	at io.netty.buffer.AbstractByteBuf.writeBytes(AbstractByteBuf.java:1132)
	at io.netty.channel.socket.nio.NioSocketChannel.doReadBytes(NioSocketChannel.java:357)
	at io.netty.channel.nio.AbstractNioByteChannel$NioByteUnsafe.read(AbstractNioByteChannel.java:151)
	at io.netty.channel.nio.NioEventLoop.processSelectedKey(NioEventLoop.java:788)
	at io.netty.channel.nio.NioEventLoop.processSelectedKeysOptimized(NioEventLoop.java:724)
	at io.netty.channel.nio.NioEventLoop.processSelectedKeys(NioEventLoop.java:650)
	at io.netty.channel.nio.NioEventLoop.run(NioEventLoop.java:562)
	at io.netty.util.concurrent.SingleThreadEventExecutor$4.run(SingleThreadEventExecutor.java:997)
	at io.netty.util.internal.ThreadExecutorMap$2.run(ThreadExecutorMap.java:74)
	at io.netty.util.concurrent.FastThreadLocalRunnable.run(FastThreadLocalRunnable.java:30)
	at java.base/java.lang.Thread.run(Thread.java:833)

]]></system-err>
  </testcase>
  <testcase name="test_loginRobotClass" classname="testCases.TC_004_LoginTest_RobotClass" time="2.256">
    <system-out><![CDATA[14:39:17.134 [main] INFO  testCases.TC_004_LoginTest_RobotClass - *** Starting TC_004_LoginTest_RobotClass ***
14:39:17.309 [main] INFO  testCases.TC_004_LoginTest_RobotClass - *** Clicked on My Account ***
14:39:17.837 [main] INFO  testCases.TC_004_LoginTest_RobotClass - *** Clicked on Login Link ***
14:39:17.840 [main] INFO  testCases.TC_004_LoginTest_RobotClass - *** Providing Login Details ***
14:39:18.183 [main] INFO  testCases.TC_004_LoginTest_RobotClass - *** Enter Email Id ***
14:39:18.329 [main] INFO  testCases.TC_004_LoginTest_RobotClass - *** Enter Password ***
14:39:18.334 [main] INFO  testCases.TC_004_LoginTest_RobotClass - *** Clicked on Login Button ***
14:39:18.968 [main] INFO  testCases.TC_004_LoginTest_RobotClass - *** Confirmation on Target Page ***
14:39:19.387 [main] INFO  testCases.TC_004_LoginTest_RobotClass - *** Clicked on Logout Button ***
14:39:19.387 [main] INFO  testCases.TC_004_LoginTest_RobotClass - *** Ending TC_004_LoginTest_RobotClass ***
]]></system-out>
  </testcase>
</testsuite>