<?xml version="1.0" encoding="UTF-8"?>
<testng-results ignored="0" total="1" passed="1" failed="0" skipped="0">
  <reporter-output>
  </reporter-output>
  <suite started-at="2023-08-14T16:33:06 IST" name="Failed suite [OpencartSuite]" finished-at="2023-08-14T16:33:22 IST" duration-ms="16003">
    <groups>
    </groups>
    <test started-at="2023-08-14T16:33:06 IST" name="OpencartTest(failed)" finished-at="2023-08-14T16:33:22 IST" duration-ms="16003">
      <class name="testCases.TC_003_LoginDDT">
        <test-method is-config="true" signature="set(java.lang.String)[pri:0, instance:testCases.TC_003_LoginDDT@51e69659]" started-at="2023-08-14T16:33:07 IST" name="set" finished-at="2023-08-14T16:33:15 IST" duration-ms="8630" status="PASS">
          <params>
            <param index="0">
              <value>
                <![CDATA[chrome]]>
              </value>
            </param>
          </params>
          <reporter-output>
          </reporter-output>
        </test-method> <!-- set -->
        <test-method signature="test_loginDDT(java.lang.String,java.lang.String,java.lang.String)[pri:0, instance:testCases.TC_003_LoginDDT@51e69659]" started-at="2023-08-14T16:33:18 IST" name="test_loginDDT" data-provider="LoginData" finished-at="2023-08-14T16:33:22 IST" duration-ms="3915" status="PASS">
          <params>
            <param index="0">
              <value>
                <![CDATA[rrmm@gmail.com]]>
              </value>
            </param>
            <param index="1">
              <value>
                <![CDATA[test@123]]>
              </value>
            </param>
            <param index="2">
              <value>
                <![CDATA[Valid]]>
              </value>
            </param>
          </params>
          <reporter-output>
          </reporter-output>
        </test-method> <!-- test_loginDDT -->
        <test-method is-config="true" signature="teardown()[pri:0, instance:testCases.TC_003_LoginDDT@51e69659]" started-at="2023-08-14T16:33:22 IST" name="teardown" finished-at="2023-08-14T16:33:22 IST" duration-ms="414" status="PASS">
          <reporter-output>
          </reporter-output>
        </test-method> <!-- teardown -->
      </class> <!-- testCases.TC_003_LoginDDT -->
    </test> <!-- OpencartTest(failed) -->
  </suite> <!-- Failed suite [OpencartSuite] -->
</testng-results>
