<?xml version="1.0" encoding="UTF-8"?>
<testng-results ignored="0" total="1" passed="1" failed="0" skipped="0">
  <reporter-output>
  </reporter-output>
  <suite started-at="2023-08-17T18:47:04 IST" name="OpencartSuite" finished-at="2023-08-17T18:47:24 IST" duration-ms="20013">
    <groups>
    </groups>
    <test started-at="2023-08-17T18:47:04 IST" name="OpencartTest" finished-at="2023-08-17T18:47:24 IST" duration-ms="20013">
      <class name="testCases.TC_004_LoginTest_RobotClass">
        <test-method is-config="true" signature="set(java.lang.String)[pri:0, instance:testCases.TC_004_LoginTest_RobotClass@290222c1]" started-at="2023-08-17T18:47:04 IST" name="set" finished-at="2023-08-17T18:47:19 IST" duration-ms="14300" status="PASS">
          <params>
            <param index="0">
              <value>
                <![CDATA[chrome]]>
              </value>
            </param>
          </params>
          <reporter-output>
          </reporter-output>
        </test-method> <!-- set -->
        <test-method signature="test_loginRobotClass()[pri:0, instance:testCases.TC_004_LoginTest_RobotClass@290222c1]" started-at="2023-08-17T18:47:19 IST" name="test_loginRobotClass" finished-at="2023-08-17T18:47:23 IST" duration-ms="4458" status="PASS">
          <reporter-output>
          </reporter-output>
        </test-method> <!-- test_loginRobotClass -->
        <test-method is-config="true" signature="teardown()[pri:0, instance:testCases.TC_004_LoginTest_RobotClass@290222c1]" started-at="2023-08-17T18:47:23 IST" name="teardown" finished-at="2023-08-17T18:47:24 IST" duration-ms="385" status="PASS">
          <reporter-output>
          </reporter-output>
        </test-method> <!-- teardown -->
      </class> <!-- testCases.TC_004_LoginTest_RobotClass -->
    </test> <!-- OpencartTest -->
  </suite> <!-- OpencartSuite -->
</testng-results>
