<?xml version="1.0" encoding="UTF-8"?>
<!-- Generated by org.testng.reporters.JUnitXMLReporter -->
<testsuite ignored="0" hostname="DESKTOP-NRUEP7D" failures="0" tests="5" name="OpencartTest" time="50.025" errors="0" timestamp="2023-12-17T18:57:09 IST">
  <testcase classname="testCases.TC_003_LoginDDT" name="test_loginDDT" time="2.945"/>
  <testcase classname="testCases.TC_003_LoginDDT" name="test_loginDDT" time="10.999"/>
  <testcase classname="testCases.TC_003_LoginDDT" name="test_loginDDT" time="12.091"/>
  <testcase classname="testCases.TC_003_LoginDDT" name="test_loginDDT" time="11.021"/>
  <testcase classname="testCases.TC_003_LoginDDT" name="test_loginDDT" time="2.096"/>
</testsuite> <!-- OpencartTest -->
