<?xml version="1.0" encoding="UTF-8"?>
<!-- Generated by org.testng.reporters.JUnitXMLReporter -->
<testsuite ignored="0" hostname="DESKTOP-NRUEP7D" failures="0" tests="5" name="OpencartTest" time="54.753" errors="0" timestamp="2023-08-14T16:22:07 IST">
  <testcase classname="testCases.TC_003_LoginDDT" name="test_loginDDT" time="3.14"/>
  <testcase classname="testCases.TC_003_LoginDDT" name="test_loginDDT" time="11.144"/>
  <testcase classname="testCases.TC_003_LoginDDT" name="test_loginDDT" time="11.747"/>
  <testcase classname="testCases.TC_003_LoginDDT" name="test_loginDDT" time="10.96"/>
  <testcase classname="testCases.TC_003_LoginDDT" name="test_loginDDT" time="1.899"/>
</testsuite> <!-- OpencartTest -->
